<?xml version="1.0" encoding="UTF-8"?>
<testng-results skipped="0" failed="0" total="1" passed="1">
  <reporter-output>
  </reporter-output>
  <suite name="Default suite" duration-ms="3693" started-at="2021-09-07T12:35:01Z" finished-at="2021-09-07T12:35:05Z">
    <groups>
    </groups>
    <test name="Default test" duration-ms="3693" started-at="2021-09-07T12:35:01Z" finished-at="2021-09-07T12:35:05Z">
      <class name="AllTest.Test1">
        <test-method status="PASS" signature="Setup()[pri:0, instance:AllTest.Test1@11dc3715]" name="Setup" is-config="true" duration-ms="2822" started-at="2021-09-07T12:35:01Z" finished-at="2021-09-07T12:35:04Z">
        </test-method> <!-- Setup -->
        <test-method status="PASS" signature="testcase1()[pri:0, instance:AllTest.Test1@11dc3715]" name="testcase1" duration-ms="856" started-at="2021-09-07T12:35:04Z" finished-at="2021-09-07T12:35:05Z">
        </test-method> <!-- testcase1 -->
      </class> <!-- AllTest.Test1 -->
    </test> <!-- Default test -->
  </suite> <!-- Default suite -->
</testng-results>
